2023-04-03 00:17:51.072172 - Initialized conversion of CBT439
2023-04-03 00:17:51.227980 - Received CBT.V504.FILE439.PDS from FILE439.XMI 
2023-04-03 00:17:51.231540 - Found $$$DOC.txt (text/plain) in CBT.V504.FILE439.PDS, moved to PDS/$$$DOC
2023-04-03 00:17:51.232879 - Found $BATCH.jcl (text/plain) in CBT.V504.FILE439.PDS, moved to PDS/$BATCH
2023-04-03 00:17:51.234098 - Found $COMPILE.jcl (text/plain) in CBT.V504.FILE439.PDS, moved to PDS/$COMPILE
2023-04-03 00:17:51.235323 - Found @FILE439.txt (text/plain) in CBT.V504.FILE439.PDS, moved to PDS/@FILE439
2023-04-03 00:17:51.236367 - Found @FILE440.txt (text/plain) in CBT.V504.FILE439.PDS, moved to PDS/@FILE440
2023-04-03 00:17:51.237501 - Found DEFCL.jcl (text/plain) in CBT.V504.FILE439.PDS, moved to PDS/DEFCL
2023-04-03 00:17:51.250039 - Found PDSALLO$.xmi (application/xmit) in CBT.V504.FILE439.PDS
2023-04-03 00:17:51.254455   - Received to CBT439/PDSALLOC.PRT
2023-04-03 00:17:51.255770 - Found PDSALLOC.txt (text/plain) in CBT.V504.FILE439.PDS, moved to PDS/PDSALLOC
2023-04-03 00:17:51.256800 - Found PDSDIR.txt (text/plain) in CBT.V504.FILE439.PDS, moved to PDS/PDSDIR
2023-04-03 00:17:51.257897 - Found PDSFREE.txt (text/plain) in CBT.V504.FILE439.PDS, moved to PDS/PDSFREE
2023-04-03 00:17:51.268418 - Found PDSFREE$.xmi (application/xmit) in CBT.V504.FILE439.PDS
2023-04-03 00:17:51.272287   - Received to CBT439/PDSFREE.PRT
2023-04-03 00:17:51.273517 - Found PDSHLP2A.txt (text/plain) in CBT.V504.FILE439.PDS, moved to PDS/PDSHLP2A
2023-04-03 00:17:51.274595 - Found PDSMEM1.txt (text/plain) in CBT.V504.FILE439.PDS, moved to PDS/PDSMEM1
2023-04-03 00:17:51.275680 - Found PDSMEM2A.txt (text/plain) in CBT.V504.FILE439.PDS, moved to PDS/PDSMEM2A
2023-04-03 00:17:51.276911 - Found PDSMEM2B.txt (text/plain) in CBT.V504.FILE439.PDS, moved to PDS/PDSMEM2B
2023-04-03 00:17:51.278250 - Found PDSMEM4.txt (text/plain) in CBT.V504.FILE439.PDS, moved to PDS/PDSMEM4
2023-04-03 00:17:51.279898 - Found PDSX.rexx (text/plain) in CBT.V504.FILE439.PDS, moved to PDS/PDSX
2023-04-03 00:17:51.281075 - Found PDS2CDSN.txt (text/plain) in CBT.V504.FILE439.PDS, moved to PDS/PDS2CDSN
2023-04-03 00:17:51.282187 - Found PDS2CMEM.txt (text/plain) in CBT.V504.FILE439.PDS, moved to PDS/PDS2CMEM
2023-04-03 00:17:51.283195 - Found PDS2FILE.txt (text/plain) in CBT.V504.FILE439.PDS, moved to PDS/PDS2FILE
2023-04-03 00:17:51.284137 - Found PDS2ISPF.txt (text/plain) in CBT.V504.FILE439.PDS, moved to PDS/PDS2ISPF
2023-04-03 00:17:51.285032 - Found PDS2RDSN.txt (text/plain) in CBT.V504.FILE439.PDS, moved to PDS/PDS2RDSN
2023-04-03 00:17:51.285934 - Found PDS2READ.txt (text/plain) in CBT.V504.FILE439.PDS, moved to PDS/PDS2READ
2023-04-03 00:17:51.286905 - Found PDS2SDSN.txt (text/plain) in CBT.V504.FILE439.PDS, moved to PDS/PDS2SDSN
2023-04-03 00:17:51.288209 - Found VTOCFLTR.rexx (text/plain) in CBT.V504.FILE439.PDS, moved to PDS/VTOCFLTR
2023-04-03 00:17:51.288361 - No @FILExxx or @FILxxxx detected, creating README.md without extra info
